2021-05-22 23:50:35,949 [main] INFO  com.revature.driver.Driver - Welcome to Bank of USA
2021-05-23 00:01:40,106 [main] INFO  com.revature.driver.Driver - Welcome to Bank of USA
2021-05-23 00:02:26,037 [main] INFO  com.revature.model.User - Step123's money has been deposited: 459.0to Checkingaccount.
2021-05-23 00:11:42,864 [main] INFO  com.revature.driver.Driver - Welcome to Bank of USA
2021-05-23 00:15:04,868 [main] INFO  com.revature.driver.Driver - Welcome to Bank of USA test
2021-05-23 00:15:53,105 [main] INFO  com.revature.driver.Driver - Welcome to Bank of USA test
2021-05-23 00:16:27,098 [main] INFO  com.revature.driver.Driver - Welcome to Bank of USA test
2021-05-23 00:17:14,568 [main] INFO  com.revature.driver.Driver - Welcome to Bank of USA test 2
2021-05-23 00:19:46,238 [main] INFO  com.revature.driver.Driver - Welcome to Bank of USA test 2
2021-05-23 10:39:45,116 [main] INFO  com.revature.driver.Driver - Welcome to Big Apple Bank © Copyright 2021
2021-05-23 10:40:40,054 [main] INFO  com.revature.driver.Driver - Welcome to Big Apple Bank © Copyright 2021
2021-05-23 10:41:25,658 [main] INFO  com.revature.driver.Driver - Welcome to Big Apple Bank © Copyright 2021
2021-05-23 10:43:11,306 [main] INFO  com.revature.driver.Driver - Welcome to Big Apple Bank © Copyright 2021
2021-05-23 10:53:10,692 [main] INFO  com.revature.driver.Driver - Welcome to Big Apple Bank © Copyright 2021
2021-05-23 10:54:57,165 [main] INFO  com.revature.driver.Driver - Welcome to Big Apple Bank © Copyright 2021
2021-05-23 10:57:50,348 [main] INFO  com.revature.driver.Driver - Welcome to Big Apple Bank © Copyright 2021
2021-05-23 11:00:52,647 [main] INFO  com.revature.driver.Driver - Welcome to Big Apple Bank © Copyright 2021
2021-05-23 11:01:36,585 [main] INFO  com.revature.driver.Driver - Welcome to Big Apple Bank © Copyright 2021
2021-05-23 11:10:55,407 [main] INFO  com.revature.driver.Driver - Welcome to Big Apple Bank © Copyright 2021
2021-05-23 11:12:55,563 [main] INFO  com.revature.driver.Driver - Welcome to Big Apple Bank © Copyright 2021
2021-05-23 11:13:17,629 [main] INFO  com.revature.driver.Driver - Welcome to Big Apple Bank © Copyright 2021
2021-05-23 11:13:38,369 [main] INFO  com.revature.driver.Driver - Welcome to Big Apple Bank © Copyright 2021
2021-05-23 11:16:56,621 [main] INFO  com.revature.driver.Driver - Welcome to Big Apple Bank © Copyright 2021
2021-05-23 11:21:45,446 [main] INFO  com.revature.driver.Driver - Welcome to Big Apple Bank © Copyright 2021
2021-05-23 11:22:23,831 [main] INFO  com.revature.driver.Driver - Welcome to Big Apple Bank © Copyright 2021
2021-05-23 11:24:14,981 [main] INFO  com.revature.driver.Driver - Welcome to Big Apple Bank © Copyright 2021
2021-05-23 11:24:55,779 [main] INFO  com.revature.driver.Driver - Welcome to Big Apple Bank © Copyright 2021
2021-05-23 11:26:27,800 [main] INFO  com.revature.driver.Driver - Welcome to Big Apple Bank © Copyright 2021
2021-05-23 11:27:10,248 [main] INFO  com.revature.driver.Driver - Welcome to Big Apple Bank © Copyright 2021
2021-05-23 11:32:44,217 [main] INFO  com.revature.driver.Driver - Welcome to Big Apple Bank © Copyright 2021
2021-05-23 11:35:24,923 [main] INFO  com.revature.bankdriver.BankDriver - Welcome to Big Apple Bank © Copyright 2021
2021-05-23 13:17:50,803 [main] INFO  com.revature.bankdriver.BankDriver - Welcome to Big Apple Bank © Copyright 2021
2021-05-23 13:18:56,996 [main] INFO  com.revature.bankdriver.BankDriver - Welcome to Big Apple Bank © Copyright 2021
2021-05-23 13:24:23,027 [main] INFO  com.revature.bankdriver.BankDriver - Welcome to Big Apple Bank © Copyright 2021
2021-05-23 14:13:36,920 [main] INFO  com.revature.bankdriver.BankDriver - Welcome to Big Apple Bank © Copyright 2021
2021-05-23 14:15:36,126 [main] INFO  com.revature.bankdriver.BankDriver - Welcome to Big Apple Bank © Copyright 2021
2021-05-23 14:34:45,021 [main] INFO  com.revature.bankdriver.BankDriver - Welcome to Big Apple Bank © Copyright 2021
2021-05-23 14:35:14,860 [main] INFO  com.revature.bankdriver.BankDriver - Welcome to Big Apple Bank © Copyright 2021
2021-05-23 14:37:21,676 [main] INFO  com.revature.bankdriver.BankDriver - Welcome to Big Apple Bank © Copyright 2021
2021-05-23 14:37:53,347 [main] INFO  com.revature.bankdriver.BankDriver - Welcome to Big Apple Bank © Copyright 2021
2021-05-23 14:40:41,020 [main] INFO  com.revature.bankdriver.BankDriver - Welcome to Big Apple Bank © Copyright 2021
2021-05-23 14:40:52,714 [main] ERROR com.revature.model.User - Invalid username/password combination was entered 3 times.
2021-05-23 14:42:38,977 [main] INFO  com.revature.bankdriver.BankDriver - Welcome to Big Apple Bank © Copyright 2021
2021-05-23 14:43:05,380 [main] ERROR com.revature.model.User - Invalid username/password combination was entered 3 times.
2021-05-23 14:44:39,278 [main] INFO  com.revature.bankdriver.BankDriver - Welcome to Big Apple Bank © Copyright 2021
2021-05-23 14:44:55,706 [main] ERROR com.revature.model.User - Invalid username/password combination was entered 3 times.
2021-05-23 14:46:31,628 [main] INFO  com.revature.bankdriver.BankDriver - Welcome to Big Apple Bank © Copyright 2021
2021-05-23 14:47:11,377 [main] INFO  com.revature.bankdriver.BankDriver - Welcome to Big Apple Bank © Copyright 2021
2021-05-23 14:47:16,205 [main] ERROR com.revature.model.User - Invalid username/password combination was entered 3 times.
2021-05-23 14:47:53,696 [main] INFO  com.revature.bankdriver.BankDriver - Welcome to Big Apple Bank © Copyright 2021
2021-05-23 14:49:18,154 [main] INFO  com.revature.bankdriver.BankDriver - Welcome to Big Apple Bank © Copyright 2021
2021-05-23 14:49:52,842 [main] ERROR com.revature.model.User - Invalid username/password combination was entered 3 times.
2021-05-23 14:50:45,325 [main] INFO  com.revature.bankdriver.BankDriver - Welcome to Big Apple Bank © Copyright 2021
2021-05-23 14:50:56,587 [main] ERROR com.revature.model.User - Invalid username/password combination was entered 3 times.
2021-05-23 14:51:42,559 [main] INFO  com.revature.bankdriver.BankDriver - Welcome to Big Apple Bank © Copyright 2021
2021-05-23 14:52:07,470 [main] ERROR com.revature.model.User - Invalid username/password combination was entered 3 times.
2021-05-23 14:52:27,169 [main] INFO  com.revature.bankdriver.BankDriver - Welcome to Big Apple Bank © Copyright 2021
2021-05-23 15:19:33,444 [main] INFO  com.revature.bankdriver.BankDriver - Welcome to Big Apple Bank © Copyright 2021
2021-05-23 15:28:19,264 [main] INFO  com.revature.bankdriver.BankDriver - Welcome to Big Apple Bank © Copyright 2021
2021-05-23 15:33:23,169 [main] INFO  com.revature.bankdriver.BankDriver - Welcome to Big Apple Bank © Copyright 2021
2021-05-23 15:36:33,337 [main] INFO  com.revature.bankdriver.BankDriver - Welcome to Big Apple Bank © Copyright 2021
2021-05-23 15:44:08,100 [main] INFO  com.revature.bankdriver.BankDriver - Welcome to Big Apple Bank © Copyright 2021
2021-05-23 15:45:07,958 [main] INFO  com.revature.model.User - (User id = 1) 1's funds has been deposited: $13.0 to Checking account.
2021-05-23 16:32:14,859 [main] INFO  com.revature.bankdriver.BankDriver - Welcome to Big Apple Bank © Copyright 2021
2021-05-23 16:34:22,068 [main] INFO  com.revature.bankdriver.BankDriver - Welcome to Big Apple Bank © Copyright 2021
2021-05-23 16:48:59,811 [main] INFO  com.revature.bankdriver.BankDriver - Welcome to Big Apple Bank © Copyright 2021
2021-05-23 16:49:25,676 [main] INFO  com.revature.bankdriver.BankDriver - Welcome to Big Apple Bank © Copyright 2021
2021-05-23 16:54:16,536 [main] INFO  com.revature.bankdriver.BankDriver - Welcome to Big Apple Bank © Copyright 2021
2021-05-23 16:55:36,903 [main] INFO  com.revature.bankdriver.BankDriver - Welcome to Big Apple Bank © Copyright 2021
2021-05-23 16:56:03,220 [main] INFO  com.revature.bankdriver.BankDriver - Welcome to Big Apple Bank © Copyright 2021
2021-05-23 16:56:42,909 [main] INFO  com.revature.bankdriver.BankDriver - Welcome to Big Apple Bank © Copyright 2021
2021-05-23 16:59:18,921 [main] INFO  com.revature.bankdriver.BankDriver - Welcome to Big Apple Bank © Copyright 2021
2021-05-23 16:59:33,082 [main] INFO  com.revature.bankdriver.BankDriver - Welcome to Big Apple Bank © Copyright 2021
2021-05-23 19:08:16,550 [main] INFO  com.revature.bankdriver.BankDriver - Welcome to Big Apple Bank © Copyright 2021
2021-05-23 19:08:36,470 [main] INFO  com.revature.model.User - (User id = 1) 1's funds has been deposited: $100.0 to Checking account.
2021-05-23 19:19:40,510 [main] INFO  com.revature.bankdriver.BankDriver - Welcome to Big Apple Bank © Copyright 2021
2021-05-23 19:21:40,915 [main] INFO  com.revature.bankdriver.BankDriver - Welcome to Big Apple Bank © Copyright 2021
2021-05-23 19:22:09,125 [main] INFO  com.revature.model.User - (User id = 1) 1's funds has been deposited: $700.0 to Savings account.
2021-05-23 19:39:44,920 [main] INFO  com.revature.bankdriver.BankDriver - Welcome to Big Apple Bank © Copyright 2021
2021-05-23 19:41:22,805 [main] INFO  com.revature.model.User - 1's account# 20 has been deleted!
2021-05-23 20:01:52,397 [main] INFO  com.revature.bankdriver.BankDriver - Welcome to Big Apple Bank © Copyright 2021
2021-05-23 20:21:41,436 [main] INFO  com.revature.bankdriver.BankDriver - Welcome to Big Apple Bank © Copyright 2021
2021-05-23 20:23:35,134 [main] INFO  com.revature.bankdriver.BankDriver - Welcome to Big Apple Bank © Copyright 2021
2021-05-23 20:28:57,897 [main] INFO  com.revature.bankdriver.BankDriver - Welcome to Big Apple Bank © Copyright 2021
2021-05-23 20:32:21,400 [main] WARN  com.revature.model.User - User number 7 has been deleted from the bank.
2021-05-23 20:46:05,206 [main] INFO  com.revature.bankdriver.BankDriver - Welcome to Big Apple Bank © Copyright 2021
2021-05-23 20:47:35,308 [main] INFO  com.revature.bankdriver.BankDriver - Welcome to Big Apple Bank © Copyright 2021
2021-05-23 20:49:50,505 [main] INFO  com.revature.model.User - (User id = 12) 12's funds has been deposited: $1.0 to Checking account.
2021-05-23 20:50:04,438 [main] INFO  com.revature.model.User - (User id = 12) 12's funds has been deposited: $12.0 to Checking account.
2021-05-23 20:50:23,458 [main] INFO  com.revature.model.User - Checking account has been created for NEW Someone.
2021-05-23 20:52:10,468 [main] INFO  com.revature.bankdriver.BankDriver - Welcome to Big Apple Bank © Copyright 2021
2021-05-23 20:52:36,180 [main] INFO  com.revature.bankdriver.BankDriver - Welcome to Big Apple Bank © Copyright 2021
2021-05-23 20:53:02,017 [main] WARN  com.revature.model.User - User number 12 has been deleted from the bank.
2021-05-23 21:06:37,831 [main] INFO  com.revature.bankdriver.BankDriver - Welcome to Big Apple Bank © Copyright 2021
2021-05-23 21:07:17,058 [main] INFO  com.revature.model.User - Savings account has been created for Stephen Padgilao.
2021-05-23 21:20:41,460 [main] INFO  com.revature.bankdriver.BankDriver - Welcome to Big Apple Bank © Copyright 2021
2021-05-24 00:06:37,954 [main] INFO  com.revature.bankdriver.BankDriver - Welcome to Big Apple Bank © Copyright 2021
2021-05-24 00:10:40,351 [main] INFO  com.revature.bankdriver.BankDriver - Welcome to Big Apple Bank © Copyright 2021
2021-05-24 12:05:29,244 [main] INFO  com.revature.bankdriver.BankDriver - Welcome to Big Apple Bank © Copyright 2021
2021-05-24 12:11:03,567 [main] INFO  com.revature.bankdriver.BankDriver - Welcome to Big Apple Bank © Copyright 2021
2021-05-24 12:11:54,775 [main] INFO  com.revature.bankdriver.BankDriver - Welcome to Big Apple Bank © Copyright 2021
2021-05-24 12:12:29,691 [main] INFO  com.revature.bankdriver.BankDriver - Welcome to Big Apple Bank © Copyright 2021
2021-05-24 12:16:08,814 [main] INFO  com.revature.bankdriver.BankDriver - Welcome to Big Apple Bank © Copyright 2021
2021-05-24 12:17:31,693 [main] INFO  com.revature.bankdriver.BankDriver - Welcome to Big Apple Bank © Copyright 2021
2021-05-24 12:17:58,672 [main] INFO  com.revature.model.User - (User id = 5) 5's funds has been deposited: $1000.0 to Checking account.
2021-05-24 12:20:57,663 [main] INFO  com.revature.bankdriver.BankDriver - Welcome to Big Apple Bank © Copyright 2021
2021-05-24 12:21:16,616 [main] INFO  com.revature.model.User - (User id = 5) 5's funds has been deposited: $100.0 to Checking account.
2021-05-24 12:21:35,467 [main] ERROR com.revature.model.User - org.postgresql.util.PSQLException: ERROR: new row for relation "account_table" violates check constraint "check_positive_balance"
  Detail: Failing row contains (5, -1, Checking).
2021-05-24 12:23:01,799 [main] INFO  com.revature.bankdriver.BankDriver - Welcome to Big Apple Bank © Copyright 2021
2021-05-24 12:27:12,707 [main] INFO  com.revature.bankdriver.BankDriver - Welcome to Big Apple Bank © Copyright 2021
2021-05-24 12:27:28,997 [main] ERROR com.revature.model.User - org.postgresql.util.PSQLException: ERROR: new row for relation "account_table" violates check constraint "check_positive_balance"
  Detail: Failing row contains (5, -1, Checking).
2021-05-24 12:28:49,496 [main] INFO  com.revature.bankdriver.BankDriver - Welcome to Big Apple Bank © Copyright 2021
2021-05-24 12:29:05,124 [main] ERROR com.revature.model.User - org.postgresql.util.PSQLException: ERROR: new row for relation "account_table" violates check constraint "check_positive_balance"
  Detail: Failing row contains (5, -1, Checking).
2021-05-24 12:36:20,310 [main] INFO  com.revature.bankdriver.BankDriver - Welcome to Big Apple Bank © Copyright 2021
2021-05-24 12:36:33,329 [main] INFO  com.revature.model.User - (User id = 5) 5's funds has been deposited: $1.0 to Checking account.
2021-05-24 12:37:57,045 [main] INFO  com.revature.bankdriver.BankDriver - Welcome to Big Apple Bank © Copyright 2021
2021-05-24 12:38:19,072 [main] INFO  com.revature.model.User - (User id = 5) 5's funds has been deposited: $1.0 to Checking account.
2021-05-24 12:38:36,481 [main] INFO  com.revature.model.User - (User id = 5) 5's funds has been deposited: $1.0 to Checking account.
2021-05-24 12:38:55,423 [main] INFO  com.revature.model.User - (User id = 5) 5's funds has been deposited: $1.0 to Checking account.
2021-05-24 12:40:41,658 [main] INFO  com.revature.bankdriver.BankDriver - Welcome to Big Apple Bank © Copyright 2021
2021-05-24 12:41:09,687 [main] INFO  com.revature.model.User - (User id = 5) 5's funds has been deposited: $156.5 to Checking account.
2021-05-24 12:42:59,799 [main] INFO  com.revature.bankdriver.BankDriver - Welcome to Big Apple Bank © Copyright 2021
2021-05-24 12:43:17,569 [main] INFO  com.revature.model.User - (User id = 5) 5's funds has been deposited: $13.25 to Checking account.
2021-05-24 12:43:27,632 [main] INFO  com.revature.model.User - (User id = 5) 5's funds has been deposited: $7.98 to Checking account.
2021-05-24 13:00:58,607 [main] INFO  com.revature.bankdriver.BankDriver - Welcome to Big Apple Bank © Copyright 2021
2021-05-24 13:01:16,325 [main] INFO  com.revature.model.User - (User id = 5) 5's funds has been deposited: $1.25 to Checking account.
2021-05-24 13:06:36,775 [main] INFO  com.revature.bankdriver.BankDriver - Welcome to Big Apple Bank © Copyright 2021
2021-05-24 13:06:52,291 [main] INFO  com.revature.model.User - (User id = 5) 5's funds has been deposited: $30.5 to Checking account.
2021-05-24 13:08:28,350 [main] INFO  com.revature.bankdriver.BankDriver - Welcome to Big Apple Bank © Copyright 2021
2021-05-24 13:09:16,972 [main] INFO  com.revature.model.User - (User id = 5) 5's funds has been deposited: $0.3789 to Checking account.
2021-05-24 13:12:08,174 [main] INFO  com.revature.bankdriver.BankDriver - Welcome to Big Apple Bank © Copyright 2021
2021-05-24 13:13:52,165 [main] INFO  com.revature.bankdriver.BankDriver - Welcome to Big Apple Bank © Copyright 2021
2021-05-24 14:05:14,366 [main] INFO  com.revature.bankdriver.BankDriver - Welcome to Big Apple Bank © Copyright 2021
2021-05-24 14:07:41,847 [main] INFO  com.revature.bankdriver.BankDriver - Welcome to Big Apple Bank © Copyright 2021
2021-05-24 14:08:07,345 [main] INFO  com.revature.bankdriver.BankDriver - Welcome to Big Apple Bank © Copyright 2021
2021-05-24 14:10:13,393 [main] INFO  com.revature.bankdriver.BankDriver - Welcome to Big Apple Bank © Copyright 2021
2021-05-24 14:11:13,249 [main] INFO  com.revature.bankdriver.BankDriver - Welcome to Big Apple Bank © Copyright 2021
2021-05-24 14:13:20,839 [main] INFO  com.revature.bankdriver.BankDriver - Welcome to Big Apple Bank © Copyright 2021
2021-05-24 14:18:35,349 [main] INFO  com.revature.bankdriver.BankDriver - Welcome to Big Apple Bank © Copyright 2021
2021-05-24 14:21:00,898 [main] INFO  com.revature.bankdriver.BankDriver - Welcome to Big Apple Bank © Copyright 2021
2021-05-24 14:24:43,914 [main] INFO  com.revature.bankdriver.BankDriver - Welcome to Big Apple Bank © Copyright 2021
2021-05-24 14:27:08,238 [main] INFO  com.revature.bankdriver.BankDriver - Welcome to Big Apple Bank © Copyright 2021
2021-05-24 14:30:12,326 [main] INFO  com.revature.bankdriver.BankDriver - Welcome to Big Apple Bank © Copyright 2021
2021-05-24 14:34:22,642 [main] INFO  com.revature.bankdriver.BankDriver - Welcome to Big Apple Bank © Copyright 2021
2021-05-24 14:34:57,327 [main] INFO  com.revature.model.User - (User id = 1) 1's funds has been deposited: $10.0 to Checking account.
2021-05-24 14:36:14,828 [main] INFO  com.revature.bankdriver.BankDriver - Welcome to Big Apple Bank © Copyright 2021
2021-05-24 14:36:36,126 [main] INFO  com.revature.model.User - (User id = 1) 1's funds has been deposited: $1.0 to Checking account.
2021-05-24 14:41:13,737 [main] INFO  com.revature.bankdriver.BankDriver - Welcome to Big Apple Bank © Copyright 2021
2021-05-24 14:41:31,753 [main] INFO  com.revature.model.User - (User id = 1) 1's funds has been deposited: $1.0 to Checking account.
2021-05-24 14:56:58,751 [main] INFO  com.revature.bankdriver.BankDriver - Welcome to Big Apple Bank © Copyright 2021
2021-05-24 15:00:36,385 [main] INFO  com.revature.bankdriver.BankDriver - Welcome to Big Apple Bank © Copyright 2021
2021-05-24 15:01:35,165 [main] INFO  com.revature.bankdriver.BankDriver - Welcome to Big Apple Bank © Copyright 2021
2021-05-24 15:02:17,764 [main] INFO  com.revature.model.User - Checking account has been created for David Novak.
2021-05-24 15:06:58,458 [main] INFO  com.revature.bankdriver.BankDriver - Welcome to Big Apple Bank © Copyright 2021
2021-05-24 15:08:53,571 [main] INFO  com.revature.bankdriver.BankDriver - Welcome to Big Apple Bank © Copyright 2021
2021-05-24 15:12:05,947 [main] INFO  com.revature.bankdriver.BankDriver - Welcome to Big Apple Bank © Copyright 2021
2021-05-24 15:13:36,458 [main] INFO  com.revature.bankdriver.BankDriver - Welcome to Big Apple Bank © Copyright 2021
2021-05-24 15:14:20,978 [main] INFO  com.revature.bankdriver.BankDriver - Welcome to Big Apple Bank © Copyright 2021
2021-05-24 15:15:10,931 [main] INFO  com.revature.bankdriver.BankDriver - Welcome to Big Apple Bank © Copyright 2021
2021-05-24 15:21:28,583 [main] INFO  com.revature.bankdriver.BankDriver - Welcome to Big Apple Bank © Copyright 2021
2021-05-24 15:22:53,041 [main] INFO  com.revature.bankdriver.BankDriver - Welcome to Big Apple Bank © Copyright 2021
2021-05-24 15:24:48,255 [main] INFO  com.revature.bankdriver.BankDriver - Welcome to Big Apple Bank © Copyright 2021
2021-05-24 15:25:16,885 [main] INFO  com.revature.model.User - (User id = 1) 1's funds has been deposited: $200.0 to 16 account.
2021-05-24 15:25:57,902 [main] INFO  com.revature.model.User - (User id = 1) 1's funds has been deposited: $0.0 to Checking account.
2021-05-24 15:30:21,385 [main] INFO  com.revature.bankdriver.BankDriver - Welcome to Big Apple Bank © Copyright 2021
2021-05-24 15:31:16,012 [main] ERROR com.revature.model.User - Invalid username/password combination was entered 3 times.
2021-05-24 15:32:45,156 [main] INFO  com.revature.bankdriver.BankDriver - Welcome to Big Apple Bank © Copyright 2021
2021-05-24 15:33:00,835 [main] ERROR com.revature.model.User - Invalid username/password combination was entered 3 times.
2021-05-24 15:41:03,961 [main] INFO  com.revature.bankdriver.BankDriver - Welcome to Big Apple Bank © Copyright 2021
2021-05-24 15:41:45,669 [main] INFO  com.revature.model.User - (User id = 1) 1's funds has been deposited: $133.95 to 17 account.
2021-05-24 16:30:22,301 [main] INFO  com.revature.bankdriver.BankDriver - Welcome to Big Apple Bank © Copyright 2021
2021-05-24 16:40:44,051 [main] INFO  com.revature.bankdriver.BankDriver - Welcome to Big Apple Bank © Copyright 2021
2021-05-24 16:44:26,029 [main] INFO  com.revature.bankdriver.BankDriver - Welcome to Big Apple Bank © Copyright 2021
2021-05-24 16:45:25,293 [main] INFO  com.revature.bankdriver.BankDriver - Welcome to Big Apple Bank © Copyright 2021
2021-05-24 16:48:23,379 [main] INFO  com.revature.bankdriver.BankDriver - Welcome to Big Apple Bank © Copyright 2021
2021-05-25 09:22:27,715 [main] INFO  com.revature.bankdriver.BankDriver - Welcome to Big Apple Bank © Copyright 2021
2021-05-25 09:23:54,912 [main] INFO  com.revature.bankdriver.BankDriver - Welcome to Big Apple Bank © Copyright 2021
2021-05-25 09:25:37,426 [main] INFO  com.revature.bankdriver.BankDriver - Welcome to Big Apple Bank © Copyright 2021
2021-05-25 09:27:28,927 [main] INFO  com.revature.bankdriver.BankDriver - Welcome to Big Apple Bank © Copyright 2021
2021-05-25 09:34:32,795 [main] INFO  com.revature.bankdriver.BankDriver - Welcome to Big Apple Bank © Copyright 2021
2021-05-25 09:36:18,255 [main] INFO  com.revature.bankdriver.BankDriver - Welcome to Big Apple Bank © Copyright 2021
2021-05-25 09:44:04,747 [main] INFO  com.revature.bankdriver.BankDriver - Welcome to Big Apple Bank © Copyright 2021
2021-05-25 09:52:09,406 [main] INFO  com.revature.bankdriver.BankDriver - Welcome to Big Apple Bank © Copyright 2021
2021-05-25 09:58:31,052 [main] INFO  com.revature.bankdriver.BankDriver - Welcome to Big Apple Bank © Copyright 2021
2021-05-25 11:30:11,770 [main] INFO  com.revature.bankdriver.BankDriver - Welcome to Big Apple Bank © Copyright 2021
2021-05-25 11:30:24,801 [main] INFO  com.revature.bankdriver.BankDriver - Welcome to Big Apple Bank © Copyright 2021
2021-05-25 11:30:42,994 [main] INFO  com.revature.model.User - Checking account has been created for Peter Dudek.
2021-05-25 13:52:57,350 [main] INFO  com.revature.bankdriver.BankDriver - Welcome to Big Apple Bank © Copyright 2021
2021-05-25 13:53:15,096 [main] INFO  com.revature.model.User - Checking account has been created for Peter Dudek.
2021-05-25 13:53:39,426 [main] WARN  com.revature.model.User - org.postgresql.util.PSQLException: A result was returned when none was expected.
2021-05-25 13:55:43,288 [main] INFO  com.revature.bankdriver.BankDriver - Welcome to Big Apple Bank © Copyright 2021
2021-05-25 13:56:22,975 [main] INFO  com.revature.model.User - Savings account has been created for Peter Dudek.
2021-05-25 13:57:57,907 [main] WARN  com.revature.model.User - org.postgresql.util.PSQLException: A result was returned when none was expected.
2021-05-25 13:57:57,907 [main] INFO  com.revature.model.User - 1's account# 26 has been deleted!
2021-05-25 14:36:12,845 [main] INFO  com.revature.bankdriver.BankDriver - Welcome to Big Apple Bank © Copyright 2021
2021-05-25 14:36:28,062 [main] INFO  com.revature.model.User - Checking account has been created for Peter Dudek.
2021-05-25 14:39:43,634 [main] INFO  com.revature.bankdriver.BankDriver - Welcome to Big Apple Bank © Copyright 2021
2021-05-25 20:10:53,031 [main] INFO  com.revature.bankdriver.BankDriver - Welcome to Big Apple Bank © Copyright 2021
2021-05-25 20:13:01,099 [main] INFO  com.revature.bankdriver.BankDriver - Welcome to Big Apple Bank © Copyright 2021
2021-05-25 20:15:16,722 [main] INFO  com.revature.bankdriver.BankDriver - Welcome to Big Apple Bank © Copyright 2021
2021-05-25 20:19:01,335 [main] INFO  com.revature.bankdriver.BankDriver - Welcome to Big Apple Bank © Copyright 2021
2021-05-25 20:22:25,219 [main] INFO  com.revature.bankdriver.BankDriver - Welcome to Big Apple Bank © Copyright 2021
2021-05-25 20:22:42,310 [main] INFO  com.revature.model.User - Savings account has been created for Peter Dudek.
2021-05-25 20:24:10,820 [main] INFO  com.revature.bankdriver.BankDriver - Welcome to Big Apple Bank © Copyright 2021
2021-05-25 20:24:38,335 [main] WARN  com.revature.model.User - org.postgresql.util.PSQLException: A result was returned when none was expected.
2021-05-25 20:24:38,336 [main] INFO  com.revature.model.User - 1's account# 31 has been deleted!
2021-05-25 20:29:44,967 [main] INFO  com.revature.bankdriver.BankDriver - Welcome to Big Apple Bank © Copyright 2021
2021-05-25 20:35:08,598 [main] INFO  com.revature.bankdriver.BankDriver - Welcome to Big Apple Bank © Copyright 2021
2021-05-25 20:43:25,604 [main] INFO  com.revature.bankdriver.BankDriver - Welcome to Big Apple Bank © Copyright 2021
2021-05-25 20:44:32,641 [main] INFO  com.revature.bankdriver.BankDriver - Welcome to Big Apple Bank © Copyright 2021
2021-05-25 20:47:53,526 [main] INFO  com.revature.bankdriver.BankDriver - Welcome to Big Apple Bank © Copyright 2021
2021-05-25 20:49:58,063 [main] INFO  com.revature.bankdriver.BankDriver - Welcome to Big Apple Bank © Copyright 2021
2021-05-25 20:50:31,244 [main] INFO  com.revature.bankdriver.BankDriver - Welcome to Big Apple Bank © Copyright 2021
2021-05-25 21:03:56,931 [main] INFO  com.revature.bankdriver.BankDriver - Welcome to Big Apple Bank © Copyright 2021
2021-05-25 21:06:22,612 [main] INFO  com.revature.bankdriver.BankDriver - Welcome to Big Apple Bank © Copyright 2021
2021-05-25 21:08:18,811 [main] INFO  com.revature.bankdriver.BankDriver - Welcome to Big Apple Bank © Copyright 2021
2021-05-25 21:09:41,069 [main] INFO  com.revature.bankdriver.BankDriver - Welcome to Big Apple Bank © Copyright 2021
2021-05-25 21:11:19,819 [main] INFO  com.revature.bankdriver.BankDriver - Welcome to Big Apple Bank © Copyright 2021
2021-05-25 21:16:58,843 [main] INFO  com.revature.bankdriver.BankDriver - Welcome to Big Apple Bank © Copyright 2021
2021-05-25 21:21:30,926 [main] INFO  com.revature.bankdriver.BankDriver - Welcome to Big Apple Bank © Copyright 2021
2021-05-25 21:23:22,806 [main] INFO  com.revature.bankdriver.BankDriver - Welcome to Big Apple Bank © Copyright 2021
2021-05-25 21:24:32,209 [main] INFO  com.revature.bankdriver.BankDriver - Welcome to Big Apple Bank © Copyright 2021
2021-05-25 21:26:52,863 [main] INFO  com.revature.bankdriver.BankDriver - Welcome to Big Apple Bank © Copyright 2021
2021-05-25 21:30:39,373 [main] INFO  com.revature.bankdriver.BankDriver - Welcome to Big Apple Bank © Copyright 2021
2021-05-25 21:41:29,849 [main] INFO  com.revature.bankdriver.BankDriver - Welcome to Big Apple Bank © Copyright 2021
2021-05-25 21:42:14,716 [main] INFO  com.revature.model.User - (User id = 1) Peter123's funds has been deposited: $19034.4 to 16 account.
2021-05-25 21:42:40,267 [main] INFO  com.revature.model.User - (User id = 1) Peter123's funds has been deposited: $500.0 to 27 account.
2021-05-25 21:42:53,718 [main] INFO  com.revature.model.User - Checking account has been created for Peter Dudek.
2021-05-25 21:43:08,392 [main] INFO  com.revature.model.User - Savings account has been created for Peter Dudek.
2021-05-25 21:43:56,241 [main] WARN  com.revature.model.User - org.postgresql.util.PSQLException: A result was returned when none was expected.
2021-05-25 21:43:56,242 [main] INFO  com.revature.model.User - Peter123's account# 32 has been deleted!
2021-05-25 21:44:05,260 [main] INFO  com.revature.model.User - Checking account has been created for Peter Dudek.
2021-05-25 21:44:21,590 [main] INFO  com.revature.bankdriver.BankDriver - Welcome to Big Apple Bank © Copyright 2021
2021-05-25 21:44:55,807 [main] ERROR com.revature.model.User - org.postgresql.util.PSQLException: ERROR: new row for relation "account_table" violates check constraint "check_positive_balance"
  Detail: Failing row contains (17, -733.05, Savings).
2021-05-25 21:45:42,471 [main] INFO  com.revature.model.User - (User id = 1) Peter123's funds has been deposited: $26000.0 to 17 account.
2021-05-25 21:52:40,762 [main] INFO  com.revature.bankdriver.BankDriver - Welcome to Big Apple Bank © Copyright 2021
2021-05-25 21:54:55,282 [main] INFO  com.revature.bankdriver.BankDriver - Welcome to Big Apple Bank © Copyright 2021
2021-05-25 21:58:48,502 [main] INFO  com.revature.bankdriver.BankDriver - Welcome to Big Apple Bank © Copyright 2021
2021-05-25 21:59:58,068 [main] INFO  com.revature.bankdriver.BankDriver - Welcome to Big Apple Bank © Copyright 2021
2021-05-25 22:00:24,561 [main] INFO  com.revature.bankdriver.BankDriver - Welcome to Big Apple Bank © Copyright 2021
2021-05-25 22:01:38,551 [main] INFO  com.revature.bankdriver.BankDriver - Welcome to Big Apple Bank © Copyright 2021
2021-05-25 22:02:06,953 [main] INFO  com.revature.bankdriver.BankDriver - Welcome to Big Apple Bank © Copyright 2021
2021-05-25 22:03:10,572 [main] INFO  com.revature.bankdriver.BankDriver - Welcome to Big Apple Bank © Copyright 2021
2021-05-25 22:03:33,345 [main] INFO  com.revature.bankdriver.BankDriver - Welcome to Big Apple Bank © Copyright 2021
2021-05-25 22:06:17,284 [main] INFO  com.revature.bankdriver.BankDriver - Welcome to Big Apple Bank © Copyright 2021
2021-05-25 22:14:02,365 [main] INFO  com.revature.bankdriver.BankDriver - Welcome to Big Apple Bank © Copyright 2021
2021-05-25 22:14:37,370 [main] INFO  com.revature.bankdriver.BankDriver - Welcome to Big Apple Bank © Copyright 2021
2021-05-25 22:15:55,559 [main] INFO  com.revature.bankdriver.BankDriver - Welcome to Big Apple Bank © Copyright 2021
2021-05-25 22:18:27,523 [main] INFO  com.revature.bankdriver.BankDriver - Welcome to Big Apple Bank © Copyright 2021
2021-05-25 22:19:06,274 [main] INFO  com.revature.model.User - (User id = 1) Peter123's funds has been deposited: $100.0 to 17 account.
2021-05-25 22:19:27,329 [main] INFO  com.revature.model.User - (User id = 1) Peter123's funds has been deposited: $20.57 to 33 account.
2021-05-25 22:19:41,366 [main] INFO  com.revature.model.User - Checking account has been created for Peter Dudek.
2021-05-25 22:26:59,266 [main] INFO  com.revature.bankdriver.BankDriver - Welcome to Big Apple Bank © Copyright 2021
2021-05-25 22:27:14,606 [main] INFO  com.revature.bankdriver.BankDriver - Welcome to Big Apple Bank © Copyright 2021
2021-05-25 22:28:25,432 [main] INFO  com.revature.bankdriver.BankDriver - Welcome to Big Apple Bank © Copyright 2021
2021-05-25 22:30:05,113 [main] INFO  com.revature.bankdriver.BankDriver - Welcome to Big Apple Bank © Copyright 2021
2021-05-25 22:30:20,288 [main] INFO  com.revature.bankdriver.BankDriver - Welcome to Big Apple Bank © Copyright 2021
2021-05-25 22:32:52,193 [main] INFO  com.revature.bankdriver.BankDriver - Welcome to Big Apple Bank © Copyright 2021
2021-05-25 22:37:08,216 [main] INFO  com.revature.bankdriver.BankDriver - Welcome to Big Apple Bank © Copyright 2021
2021-05-25 22:39:18,653 [main] INFO  com.revature.bankdriver.BankDriver - Welcome to Big Apple Bank © Copyright 2021
2021-05-25 22:44:55,397 [main] INFO  com.revature.bankdriver.BankDriver - Welcome to Big Apple Bank © Copyright 2021
2021-05-25 22:45:25,174 [main] WARN  com.revature.model.User - org.postgresql.util.PSQLException: ERROR: syntax error at or near "delete"
  Position: 100
2021-05-25 22:51:06,624 [main] INFO  com.revature.bankdriver.BankDriver - Welcome to Big Apple Bank © Copyright 2021
2021-05-25 22:51:47,643 [main] INFO  com.revature.model.User - Checking account has been created for Joe Doe.
2021-05-25 22:53:23,615 [main] INFO  com.revature.bankdriver.BankDriver - Welcome to Big Apple Bank © Copyright 2021
2021-05-25 22:53:41,891 [main] INFO  com.revature.model.User - (User id = 3) D12's funds has been deposited: $334.432523532 to 36 account.
2021-05-25 22:57:11,604 [main] INFO  com.revature.bankdriver.BankDriver - Welcome to Big Apple Bank © Copyright 2021
2021-05-25 22:57:47,846 [main] WARN  com.revature.model.User - 
User number 17 has been deleted from the bank.
2021-05-25 23:00:14,033 [main] INFO  com.revature.bankdriver.BankDriver - Welcome to Big Apple Bank © Copyright 2021
2021-05-25 23:00:41,343 [main] WARN  com.revature.model.User - org.postgresql.util.PSQLException: A result was returned when none was expected.
2021-05-25 23:00:41,343 [main] INFO  com.revature.model.User - Peter123's account# 34 has been deleted!
2021-05-25 23:06:30,470 [main] INFO  com.revature.bankdriver.BankDriver - Welcome to Big Apple Bank © Copyright 2021
2021-05-25 23:12:57,116 [main] INFO  com.revature.bankdriver.BankDriver - Welcome to Big Apple Bank © Copyright 2021
2021-05-25 23:15:08,804 [main] INFO  com.revature.bankdriver.BankDriver - Welcome to Big Apple Bank © Copyright 2021
2021-05-25 23:15:21,718 [main] INFO  com.revature.bankdriver.BankDriver - Welcome to Big Apple Bank © Copyright 2021
2021-05-25 23:15:44,015 [main] INFO  com.revature.bankdriver.BankDriver - Welcome to Big Apple Bank © Copyright 2021
2021-05-25 23:18:03,336 [main] INFO  com.revature.bankdriver.BankDriver - Welcome to Big Apple Bank © Copyright 2021
2021-05-25 23:18:40,106 [main] ERROR com.revature.model.User - Invalid username/password combination was entered 3 times.
2021-05-25 23:22:51,159 [main] INFO  com.revature.bankdriver.BankDriver - Welcome to Big Apple Bank © Copyright 2021
2021-05-25 23:26:38,905 [main] INFO  com.revature.bankdriver.BankDriver - Welcome to Big Apple Bank © Copyright 2021
2021-05-25 23:32:15,416 [main] INFO  com.revature.bankdriver.BankDriver - Welcome to Big Apple Bank © Copyright 2021
2021-05-25 23:32:49,758 [main] ERROR com.revature.model.User - Invalid username/password combination was entered 3 times.
2021-05-25 23:35:15,256 [main] INFO  com.revature.bankdriver.BankDriver - Welcome to Big Apple Bank © Copyright 2021
2021-05-25 23:37:20,690 [main] INFO  com.revature.model.User - (User id = 1) Peter123's funds has been deposited: $1678.77 to 17 account.
2021-05-25 23:38:13,804 [main] INFO  com.revature.model.User - (User id = 1) Peter123's funds has been deposited: $1.32 to 16 account.
2021-05-25 23:38:34,534 [main] ERROR com.revature.model.User - org.postgresql.util.PSQLException: ERROR: new row for relation "account_table" violates check constraint "check_positive_balance"
  Detail: Failing row contains (33, -9.43, Savings).
2021-05-25 23:41:27,804 [main] INFO  com.revature.model.User - (User id = 1) Peter123's funds has been deposited: $35.0 to 22 account.
2021-05-25 23:42:56,007 [main] INFO  com.revature.model.User - (User id = 1) Peter123's funds has been deposited: $375.26 to 33 account.
2021-05-25 23:43:41,226 [main] INFO  com.revature.model.User - Savings account has been created for Peter Dudek.
2021-05-25 23:48:00,894 [main] WARN  com.revature.model.User - org.postgresql.util.PSQLException: A result was returned when none was expected.
2021-05-25 23:48:00,895 [main] INFO  com.revature.model.User - Peter123's account# 37 has been deleted!
2021-05-25 23:54:09,130 [main] WARN  com.revature.model.User - User number 16 has been deleted from the bank.
2021-05-25 23:55:31,479 [main] INFO  com.revature.bankdriver.BankDriver - Welcome to Big Apple Bank © Copyright 2021
2021-05-25 23:58:39,403 [main] INFO  com.revature.bankdriver.BankDriver - Welcome to Big Apple Bank © Copyright 2021
2021-05-26 00:04:56,188 [main] WARN  com.revature.model.User - org.postgresql.util.PSQLException: ERROR: duplicate key value violates unique constraint "user_table_user_username_key"
  Detail: Key (user_username)=(Peter123) already exists.
2021-05-26 00:06:11,694 [main] ERROR com.revature.model.User - org.postgresql.util.PSQLException: ERROR: duplicate key value violates unique constraint "user_table_user_username_key"
  Detail: Key (user_username)=(Peter123) already exists.
2021-05-26 00:39:24,131 [main] INFO  com.revature.bankdriver.BankDriver - Welcome to Big Apple Bank © Copyright 2021
2021-05-26 00:41:48,117 [main] INFO  com.revature.bankdriver.BankDriver - Welcome to JDBC Bank © Copyright 2021
2021-05-26 00:42:29,783 [main] INFO  com.revature.bankdriver.BankDriver - Welcome to JDBC Bank © Copyright 2021
2021-05-26 00:45:49,913 [main] INFO  com.revature.bankdriver.BankDriver - Welcome to JDBC Bank © Copyright 2021
2021-05-26 00:50:19,839 [main] INFO  com.revature.bankdriver.BankDriver - Welcome to JDBC Bank © Copyright 2021
2021-05-26 00:51:59,063 [main] INFO  com.revature.bankdriver.BankDriver - Welcome to JDBC Bank © Copyright 2021
2021-05-26 01:16:53,590 [main] INFO  com.revature.bankdriver.BankDriver - Welcome to JDBC Bank © Copyright 2021
2021-05-26 01:17:53,652 [main] INFO  com.revature.model.User - (User id = 1) Peter123's funds has been deposited: $395.83 to 33 account.
2021-05-26 01:18:12,496 [main] WARN  com.revature.model.User - org.postgresql.util.PSQLException: A result was returned when none was expected.
2021-05-26 01:18:12,496 [main] INFO  com.revature.model.User - Peter123's account# 35 has been deleted!
2021-05-26 07:18:18,483 [main] INFO  com.revature.bankdriver.BankDriver - Welcome to JDBC Bank © Copyright 2021
2021-05-26 07:20:26,325 [main] WARN  com.revature.model.User - User number 3 has been deleted from the bank.
2021-05-26 07:20:51,245 [main] WARN  com.revature.model.User - User number 18 has been deleted from the bank.
2021-05-26 07:25:15,582 [main] INFO  com.revature.bankdriver.BankDriver - Welcome to JDBC Bank © Copyright 2021
2021-05-26 07:27:25,740 [main] INFO  com.revature.bankdriver.BankDriver - Welcome to JDBC Bank © Copyright 2021
2021-05-26 07:27:44,052 [main] WARN  com.revature.model.User - User number 34 has been deleted from the bank.
2021-05-26 07:28:20,440 [main] WARN  com.revature.model.User - User number 37 has been deleted from the bank.
2021-05-26 07:28:27,822 [main] WARN  com.revature.model.User - User number 38 has been deleted from the bank.
2021-05-26 07:28:32,123 [main] WARN  com.revature.model.User - User number 39 has been deleted from the bank.
2021-05-26 07:28:38,850 [main] WARN  com.revature.model.User - User number 40 has been deleted from the bank.
2021-05-26 07:31:19,554 [main] INFO  com.revature.bankdriver.BankDriver - Welcome to JDBC Bank © Copyright 2021
2021-05-26 07:32:20,091 [main] WARN  com.revature.model.User - User number 6 has been deleted from the bank.
2021-05-26 07:32:24,420 [main] WARN  com.revature.model.User - User number 24 has been deleted from the bank.
2021-05-26 07:32:29,489 [main] WARN  com.revature.model.User - User number 28 has been deleted from the bank.
2021-05-26 07:32:32,947 [main] WARN  com.revature.model.User - User number 31 has been deleted from the bank.
2021-05-26 07:32:44,170 [main] WARN  com.revature.model.User - User number 25 has been deleted from the bank.
2021-05-26 07:32:47,984 [main] WARN  com.revature.model.User - User number 23 has been deleted from the bank.
2021-05-26 07:32:53,888 [main] WARN  com.revature.model.User - User number 29 has been deleted from the bank.
2021-05-26 07:33:14,651 [main] WARN  com.revature.model.User - User number 21 has been deleted from the bank.
2021-05-26 07:33:24,809 [main] WARN  com.revature.model.User - User number 20 has been deleted from the bank.
2021-05-26 07:34:06,870 [main] WARN  com.revature.model.User - User number 20 has been deleted from the bank.
2021-05-26 07:34:27,258 [main] WARN  com.revature.model.User - User number 26 has been deleted from the bank.
2021-05-26 07:34:41,996 [main] WARN  com.revature.model.User - User number 15 has been deleted from the bank.
2021-05-26 07:36:57,567 [main] ERROR com.revature.model.User - Invalid username/password combination was entered 3 times.
2021-05-26 07:37:13,337 [main] INFO  com.revature.bankdriver.BankDriver - Welcome to JDBC Bank © Copyright 2021
2021-05-26 08:11:28,903 [main] INFO  com.revature.bankdriver.BankDriver - Welcome to JDBC Bank © Copyright 2021
2021-05-26 08:14:53,351 [main] WARN  com.revature.model.User - User number 41 has been deleted from the bank.
2021-05-26 08:14:57,114 [main] WARN  com.revature.model.User - User number 42 has been deleted from the bank.
2021-05-26 08:15:51,730 [main] WARN  com.revature.model.User - User number 30 has been deleted from the bank.
2021-05-26 08:17:19,567 [main] WARN  com.revature.model.User - org.postgresql.util.PSQLException: A result was returned when none was expected.
2021-05-26 08:17:19,568 [main] INFO  com.revature.model.User - Peter123's account#33 has been deleted!
2021-05-26 08:20:32,235 [main] INFO  com.revature.bankdriver.BankDriver - Welcome to JDBC Bank © Copyright 2021
2021-05-26 08:21:04,394 [main] INFO  com.revature.bankdriver.BankDriver - Welcome to JDBC Bank © Copyright 2021
2021-05-26 08:21:20,910 [main] INFO  com.revature.bankdriver.BankDriver - Welcome to JDBC Bank © Copyright 2021
2021-05-26 10:04:01,890 [main] INFO  com.revature.bankdriver.BankDriver - Welcome to JDBC Bank © Copyright 2021
2021-05-26 10:05:09,816 [main] INFO  com.revature.bankdriver.BankDriver - Welcome to JDBC Bank © Copyright 2021
2021-05-26 10:05:20,429 [main] INFO  com.revature.bankdriver.BankDriver - Welcome to JDBC Bank © Copyright 2021
2021-05-26 11:08:36,022 [main] INFO  com.revature.bankdriver.BankDriver - Welcome to JDBC Bank © Copyright 2021
2021-05-26 11:43:10,923 [main] INFO  com.revature.bankdriver.BankDriver - Welcome to JDBC Bank © Copyright 2021
2021-05-26 11:46:15,086 [main] ERROR com.revature.model.User - Invalid username/password combination was entered 3 times.
2021-05-26 11:46:33,454 [main] INFO  com.revature.bankdriver.BankDriver - Welcome to JDBC Bank © Copyright 2021
2021-05-26 11:46:59,020 [main] INFO  com.revature.model.User - Checking account has been created for John Smith.
2021-05-26 11:47:20,535 [main] INFO  com.revature.model.User - (User id = 43) John123's funds have been deposited: $4000.0 to 39 account.
2021-05-26 11:47:49,846 [main] INFO  com.revature.model.User - Savings account has been created for John Smith.
2021-05-26 11:47:59,863 [main] INFO  com.revature.model.User - (User id = 43) John123's funds have been deposited: $2000.0 to 40 account.
2021-05-26 11:48:11,765 [main] INFO  com.revature.model.User - (User id = 43) John123's funds have been deposited: $15.0 to 39 account.
2021-05-26 11:48:31,758 [main] INFO  com.revature.model.User - (User id = 43) John123's funds have been withdrawn: $15.53 to 39 account.
2021-05-26 11:49:06,295 [main] ERROR com.revature.model.User - org.postgresql.util.PSQLException: ERROR: new row for relation "account_table" violates check constraint "check_positive_balance"
  Detail: Failing row contains (40, -5.00, Savings).
2021-05-26 11:49:20,672 [main] INFO  com.revature.model.User - (User id = 43) John123's funds have been withdrawn: $2000.0 to 40 account.
2021-05-26 11:49:33,575 [main] WARN  com.revature.model.User - org.postgresql.util.PSQLException: A result was returned when none was expected.
2021-05-26 11:49:33,575 [main] INFO  com.revature.model.User - John123's account#40 has been deleted!
2021-05-27 15:08:56,812 [main] INFO  com.revature.bankdriver.BankDriver - Welcome to JDBC Bank © Copyright 2021
2021-05-27 15:12:54,866 [main] INFO  com.revature.bankdriver.BankDriver - Welcome to JDBC Bank © Copyright 2021
2021-05-27 15:15:08,303 [main] INFO  com.revature.bankdriver.BankDriver - Welcome to JDBC Bank © Copyright 2021
2021-05-27 15:29:48,340 [main] INFO  com.revature.bankdriver.BankDriver - Welcome to JDBC Bank © Copyright 2021
2021-05-27 16:14:15,471 [main] INFO  com.revature.bankdriver.BankDriver - Welcome to JDBC Bank © Copyright 2021
2021-05-27 16:19:44,948 [main] INFO  com.revature.bankdriver.BankDriver - Welcome to JDBC Bank © Copyright 2021
2021-05-27 16:21:48,722 [main] INFO  com.revature.model.User - (User id = 1) Peter123's funds have been withdrawn: $-25.0 to 27 account.
2021-05-27 16:22:28,177 [main] INFO  com.revature.model.User - (User id = 1) Peter123's funds have been deposited: $-100.0 to 27 account.
2021-05-27 16:39:02,235 [main] INFO  com.revature.bankdriver.BankDriver - Welcome to JDBC Bank © Copyright 2021
2021-05-27 16:39:36,326 [main] INFO  com.revature.model.User - (User id = 1) Peter123's funds have been withdrawn: $10.0 to 16 account.
2021-05-27 16:55:29,930 [main] INFO  com.revature.bankdriver.BankDriver - Welcome to JDBC Bank © Copyright 2021
2021-05-27 16:56:12,661 [main] ERROR com.revature.model.User - org.postgresql.util.PSQLException: ERROR: new row for relation "account_table" violates check constraint "check_positive_balance"
  Detail: Failing row contains (17, -3011.82, Savings).
2021-05-27 16:56:29,237 [main] INFO  com.revature.model.User - Amount of $1000.0 has been transferred from account #17 to account #27.
2021-05-27 17:36:13,946 [main] INFO  com.revature.bankdriver.BankDriver - Welcome to JDBC Bank © Copyright 2021
2021-05-27 17:37:05,795 [main] INFO  com.revature.model.User - 
$%,.2f have been deposited into account #11.

2021-05-27 17:37:29,983 [main] INFO  com.revature.model.User - 
$%,.2f have been deposited into account #27.

2021-05-27 17:39:17,212 [main] INFO  com.revature.model.User - 
$%,.2f have been deposited into account #16.

2021-05-27 17:42:59,766 [main] INFO  com.revature.bankdriver.BankDriver - Welcome to JDBC Bank © Copyright 2021
2021-05-27 17:46:02,573 [main] INFO  com.revature.bankdriver.BankDriver - Welcome to JDBC Bank © Copyright 2021
2021-05-27 17:46:46,572 [main] INFO  com.revature.model.User - 
$%,.2f have been deposited into account #38.

2021-05-27 17:47:06,684 [main] INFO  com.revature.model.User - 
$%,.2f have been withdrawn from account #38.

2021-05-27 17:47:50,610 [main] ERROR com.revature.model.User - org.postgresql.util.PSQLException: ERROR: new row for relation "account_table" violates check constraint "check_positive_balance"
  Detail: Failing row contains (38, -9.85, Checking).
2021-05-27 17:48:06,307 [main] INFO  com.revature.model.User - Amount of $510.15 has been transferred from account #38 to account #16.
2021-05-27 18:15:37,915 [main] INFO  com.revature.bankdriver.BankDriver - Welcome to JDBC Bank © Copyright 2021
2021-05-27 18:15:59,314 [main] INFO  com.revature.model.User - (User id = 27) Loca's funds have been withdrawn: $2.0 to 3500 account.
2021-05-27 18:16:15,790 [main] INFO  com.revature.model.User - (User id = 27) Loca's funds have been withdrawn: $3467.0 to 39 account.
2021-05-27 18:16:51,049 [main] INFO  com.revature.model.User - (User id = 43) John123's funds have been deposited: $500.0 to 39 account.
2021-05-27 18:23:12,354 [main] INFO  com.revature.model.User - (User id = 43) John123's funds have been withdrawn: $1032.47 to 39 account.
2021-05-27 18:23:22,915 [main] WARN  com.revature.model.User - org.postgresql.util.PSQLException: A result was returned when none was expected.
2021-05-27 18:23:22,915 [main] INFO  com.revature.model.User - John123's account#39 has been deleted!
2021-05-27 18:24:33,859 [main] INFO  com.revature.model.User - Checking account has been created for Mary Lopez.
2021-05-27 18:26:33,499 [main] WARN  com.revature.model.User - User number 43 has been deleted from the bank.
2021-05-27 18:28:19,767 [main] INFO  com.revature.model.User - Checking account has been created for a a.
2021-05-27 18:28:33,898 [main] INFO  com.revature.model.User - (User id = 44) a's funds have been deposited: $1111.0 to 42 account.
2021-05-27 18:28:43,137 [main] INFO  com.revature.model.User - Checking account has been created for a a.
2021-05-27 18:28:49,741 [main] INFO  com.revature.model.User - Savings account has been created for a a.
2021-05-27 18:28:54,121 [main] INFO  com.revature.model.User - Savings account has been created for a a.
2021-05-27 18:29:04,651 [main] INFO  com.revature.model.User - (User id = 44) a's funds have been deposited: $2222.0 to 44 account.
2021-05-27 18:33:26,670 [main] WARN  com.revature.model.User - org.postgresql.util.PSQLException: A result was returned when none was expected.
2021-05-27 18:33:26,670 [main] INFO  com.revature.model.User - Loca's account#43 has been deleted!
2021-05-27 18:40:52,243 [main] WARN  com.revature.model.User - User number 44 has been deleted from the bank.
2021-05-27 18:43:53,631 [main] INFO  com.revature.bankdriver.BankDriver - Welcome to JDBC Bank © Copyright 2021
2021-05-27 19:07:39,208 [main] INFO  com.revature.bankdriver.BankDriver - Welcome to JDBC Bank © Copyright 2021
2021-05-27 19:09:41,306 [main] INFO  com.revature.model.User - Account #44 has been deleted!
2021-05-27 20:37:29,374 [main] INFO  com.revature.bankdriver.BankDriver - Welcome to JDBC Bank © Copyright 2021
2021-05-27 20:37:50,943 [main] INFO  com.revature.model.User - (User id = 1) Peter123's funds have been deposited: $7.0 to 7 account.
2021-05-27 20:42:42,751 [main] INFO  com.revature.bankdriver.BankDriver - Welcome to JDBC Bank © Copyright 2021
2021-05-27 20:44:31,365 [main] INFO  com.revature.bankdriver.BankDriver - Welcome to JDBC Bank © Copyright 2021
2021-05-27 20:57:17,766 [main] INFO  com.revature.bankdriver.BankDriver - Welcome to JDBC Bank © Copyright 2021
2021-05-27 20:58:24,481 [main] INFO  com.revature.model.User - (User id = 1) Peter123's funds have been deposited: $100.0 to 45 account.
2021-05-27 21:01:14,673 [main] INFO  com.revature.bankdriver.BankDriver - Welcome to JDBC Bank © Copyright 2021
2021-05-27 21:01:59,662 [main] INFO  com.revature.model.User - (User id = 1) Peter123's funds have been deposited: $1.0 to 16 account.
2021-05-27 21:54:03,486 [main] INFO  com.revature.bankdriver.BankDriver - Welcome to JDBC Bank © Copyright 2021
2021-05-27 21:55:42,198 [main] ERROR com.revature.model.User - org.postgresql.util.PSQLException: ERROR: operator does not exist: character varying = integer
  Hint: No operator matches the given name and argument types. You might need to add explicit type casts.
  Position: 117
2021-05-27 21:59:26,133 [main] INFO  com.revature.bankdriver.BankDriver - Welcome to JDBC Bank © Copyright 2021
2021-05-27 22:00:05,071 [main] INFO  com.revature.model.User - User: b b has been added to account #5.
2021-05-27 22:02:59,740 [main] INFO  com.revature.bankdriver.BankDriver - Welcome to JDBC Bank © Copyright 2021
2021-05-27 22:04:37,866 [main] INFO  com.revature.model.User - User: xavier jones has been added to account #27.
2021-06-02 19:30:38,699 [main] INFO  com.revature.bankdriver.BankDriver - Welcome to JDBC Bank © Copyright 2021
2021-06-02 20:37:34,763 [main] INFO  com.revature.bankdriver.BankDriver - Welcome to JDBC Bank © Copyright 2021
2021-06-02 21:54:53,474 [main] INFO  com.revature.bankdriver.BankDriver - Welcome to JDBC Bank © Copyright 2021
2021-06-02 21:55:16,100 [main] INFO  com.revature.model.User - (User id = 1) Peter123's funds have been deposited: $200.0 to 16 account.
2021-06-04 21:19:04,266 [main] INFO  com.revature.bankdriver.BankDriver - Welcome to JDBC Bank © Copyright 2021
2021-06-06 19:54:09,196 [main] INFO  com.revature.bankdriver.BankDriver - Welcome to JDBC Bank © Copyright 2021
2021-06-06 19:55:58,734 [main] WARN  com.revature.model.User - User number 55 has been deleted from the bank.
2021-06-06 19:56:07,456 [main] WARN  com.revature.model.User - User number 52 has been deleted from the bank.
2021-06-06 19:56:12,641 [main] WARN  com.revature.model.User - User number 51 has been deleted from the bank.
2021-06-06 19:56:17,547 [main] WARN  com.revature.model.User - User number 47 has been deleted from the bank.
2021-06-06 19:56:20,641 [main] WARN  com.revature.model.User - User number 46 has been deleted from the bank.
2021-06-06 19:56:24,579 [main] WARN  com.revature.model.User - User number 45 has been deleted from the bank.
2021-06-06 19:56:29,188 [main] WARN  com.revature.model.User - User number 70 has been deleted from the bank.
2021-06-06 19:56:34,066 [main] WARN  com.revature.model.User - User number 64 has been deleted from the bank.
2021-06-06 19:56:42,877 [main] WARN  com.revature.model.User - User number 63 has been deleted from the bank.
2021-06-06 19:56:47,406 [main] WARN  com.revature.model.User - User number 64 has been deleted from the bank.
2021-06-06 19:56:55,306 [main] WARN  com.revature.model.User - User number 53 has been deleted from the bank.
2021-06-06 19:57:01,993 [main] WARN  com.revature.model.User - User number 48 has been deleted from the bank.
2021-06-06 19:57:05,285 [main] WARN  com.revature.model.User - User number 78 has been deleted from the bank.
2021-06-06 19:57:09,986 [main] WARN  com.revature.model.User - User number 76 has been deleted from the bank.
2021-06-06 19:57:13,083 [main] WARN  com.revature.model.User - User number 77 has been deleted from the bank.
2021-06-06 19:57:17,910 [main] WARN  com.revature.model.User - User number 73 has been deleted from the bank.
2021-06-06 19:57:20,800 [main] WARN  com.revature.model.User - User number 75 has been deleted from the bank.
2021-06-06 19:59:18,632 [main] WARN  com.revature.model.User - User number 72 has been deleted from the bank.
2021-06-06 19:59:21,981 [main] WARN  com.revature.model.User - User number 11 has been deleted from the bank.
2021-06-06 19:59:26,043 [main] WARN  com.revature.model.User - User number 74 has been deleted from the bank.
2021-06-06 20:00:18,571 [main] INFO  com.revature.model.User - Savings account has been created for Shiri Smith.
2021-06-06 20:00:32,641 [main] INFO  com.revature.model.User - (User id = 60) Shiri123's funds have been deposited: $2500.0 to 62 account.
